простая подача сигнала с генератора по значениям калибровочных таблииц 
без какого-либо контроля.
Воздействия необходим уровнем с предварительной калибровкой в заданных границах. 
Сигнал "восстанавливается" по запомненному значению  генератора.
load grafic file :./metod/test/bildo.png 
button_load_metod_click
load metod file :./metod/test/metod.spf 
StoFile isn't unique (./metod/test/metod.spf)
FtoFile isn't unique (./metod/test/metod.spf)
DtoFile isn't unique (./metod/test/metod.spf)
CRtoFile isn't unique (./metod/test/metod.spf)
TYPE_BUFER isn't unique (./metod/test/metod.spf)
timer_ticket isn't unique (./metod/test/metod.spf)
load glade file :metod/test/metod.glade 
gtk_file_chooser_set_uri =1 
.. gtk_file_chooser_get_filename = 52041888 
LOAD_TO_BUFER 47 : C:\progs\SPForth\kulemc\metod\test\default.nast
LOAD_TO_BUFER 59 : C:\prog\SP-Forth\emctest\metod\test\default.kal            
LOAD_TO_BUFER 36 : C:\progs\SPForth\kulemc\metod\1.kal 
LOAD_TO_BUFER 50 : C:\progs\SPForth\kulemc\prib\default\pribor.prib  
LOAD_TO_BUFER 12 :             
..........but_stop_click.filechooserbutton_pribor =0 
filechooserbutton_pribor =0 

Exit 